Build started 6/1/2022 10:30:09 AM.
Project "C:\Documents and Settings\Administrator\my documents\visual studio 2010\Projects\salwrap\salwrap\salwrap.vcxproj" on node 2 (build target(s)).
InitializeBuildStatus:
  Creating "Debug\salwrap.unsuccessfulbuild" because "AlwaysCreate" was specified.
ClCompile:
  C:\Program Files\Microsoft Visual Studio 10.0\VC\bin\CL.exe /c /ZI /nologo /W3 /WX- /Od /Oy- /D WIN32 /D _DEBUG /D _CONSOLE /D _UNICODE /D UNICODE /Gm /EHsc /MDd /GS- /fp:precise /Zc:wchar_t /Zc:forScope /Yc"StdAfx.h" /Fp"Debug\salwrap.pch" /Fo"Debug\\" /Fd"Debug\vc100.pdb" /Gd /TP /analyze- /errorReport:prompt stdafx.cpp
  stdafx.cpp
  C:\Program Files\Microsoft Visual Studio 10.0\VC\bin\CL.exe /c /ZI /nologo /W3 /WX- /Od /Oy- /D WIN32 /D _DEBUG /D _CONSOLE /D _UNICODE /D UNICODE /Gm /EHsc /MDd /GS- /fp:precise /Zc:wchar_t /Zc:forScope /Yu"StdAfx.h" /Fp"Debug\salwrap.pch" /Fo"Debug\\" /Fd"Debug\vc100.pdb" /Gd /TP /analyze- /errorReport:prompt exception_handlers.cpp functions.cpp globals.cpp rdtsc.cpp salwrap.cpp setup.cpp trampoline.cpp utils.cpp
  utils.cpp
  trampoline.cpp
  setup.cpp
c:\documents and settings\administrator\my documents\visual studio 2010\projects\salwrap\salwrap\setup.cpp(21): warning C4244: 'argument' : conversion from 'time_t' to 'unsigned int', possible loss of data
c:\documents and settings\administrator\my documents\visual studio 2010\projects\salwrap\salwrap\setup.cpp(44): warning C4244: 'argument' : conversion from 'time_t' to 'unsigned int', possible loss of data
  salwrap.cpp
  rdtsc.cpp
  globals.cpp
  functions.cpp
  exception_handlers.cpp
  Generating Code...
ManifestResourceCompile:
  C:\Program Files\Microsoft SDKs\Windows\v7.0A\bin\rc.exe /nologo /fo"Debug\salwrap.exe.embed.manifest.res" Debug\salwrap_manifest.rc 
Link:
  C:\Program Files\Microsoft Visual Studio 10.0\VC\bin\link.exe /ERRORREPORT:PROMPT /OUT:"C:\Documents and Settings\Administrator\my documents\visual studio 2010\Projects\salwrap\Debug\salwrap.exe" /INCREMENTAL /NOLOGO kernel32.lib user32.lib gdi32.lib winspool.lib comdlg32.lib advapi32.lib shell32.lib ole32.lib oleaut32.lib uuid.lib odbc32.lib odbccp32.lib /MANIFEST /ManifestFile:"Debug\salwrap.exe.intermediate.manifest" /MANIFESTUAC:"level='asInvoker' uiAccess='false'" /DEBUG /PDB:"C:\Documents and Settings\Administrator\my documents\visual studio 2010\Projects\salwrap\Debug\salwrap.pdb" /SUBSYSTEM:CONSOLE /TLBID:1 /DYNAMICBASE /NXCOMPAT /IMPLIB:"C:\Documents and Settings\Administrator\my documents\visual studio 2010\Projects\salwrap\Debug\salwrap.lib" /MACHINE:X86 Debug\salwrap.exe.embed.manifest.res
  Debug\exception_handlers.obj
  Debug\functions.obj
  Debug\globals.obj
  Debug\rdtsc.obj
  Debug\salwrap.obj
  Debug\setup.obj
  Debug\stdafx.obj
  Debug\trampoline.obj
  Debug\utils.obj
Manifest:
  C:\Program Files\Microsoft SDKs\Windows\v7.0A\bin\mt.exe /nologo /verbose /out:"Debug\salwrap.exe.embed.manifest" /manifest Debug\salwrap.exe.intermediate.manifest
  C:\Program Files\Microsoft SDKs\Windows\v7.0A\bin\rc.exe /nologo /fo"Debug\salwrap.exe.embed.manifest.res" Debug\salwrap_manifest.rc 
LinkEmbedManifest:
  C:\Program Files\Microsoft Visual Studio 10.0\VC\bin\link.exe /ERRORREPORT:PROMPT /OUT:"C:\Documents and Settings\Administrator\my documents\visual studio 2010\Projects\salwrap\Debug\salwrap.exe" /INCREMENTAL /NOLOGO kernel32.lib user32.lib gdi32.lib winspool.lib comdlg32.lib advapi32.lib shell32.lib ole32.lib oleaut32.lib uuid.lib odbc32.lib odbccp32.lib /MANIFEST /ManifestFile:"Debug\salwrap.exe.intermediate.manifest" /MANIFESTUAC:"level='asInvoker' uiAccess='false'" /DEBUG /PDB:"C:\Documents and Settings\Administrator\my documents\visual studio 2010\Projects\salwrap\Debug\salwrap.pdb" /SUBSYSTEM:CONSOLE /TLBID:1 /DYNAMICBASE /NXCOMPAT /IMPLIB:"C:\Documents and Settings\Administrator\my documents\visual studio 2010\Projects\salwrap\Debug\salwrap.lib" /MACHINE:X86 Debug\salwrap.exe.embed.manifest.res
  Debug\exception_handlers.obj
  Debug\functions.obj
  Debug\globals.obj
  Debug\rdtsc.obj
  Debug\salwrap.obj
  Debug\setup.obj
  Debug\stdafx.obj
  Debug\trampoline.obj
  Debug\utils.obj
  salwrap.vcxproj -> C:\Documents and Settings\Administrator\my documents\visual studio 2010\Projects\salwrap\Debug\salwrap.exe
FinalizeBuildStatus:
  Deleting file "Debug\salwrap.unsuccessfulbuild".
  Touching "Debug\salwrap.lastbuildstate".
Done Building Project "C:\Documents and Settings\Administrator\my documents\visual studio 2010\Projects\salwrap\salwrap\salwrap.vcxproj" (build target(s)).

Build succeeded.

Time Elapsed 00:00:25.87
