C:\DOCUMENTS AND SETTINGS\ADMINISTRATOR\MY DOCUMENTS\VISUAL STUDIO 2010\PROJECTS\SALWRAP\DEBUG\SALWRAP.EXE
C:\DOCUMENTS AND SETTINGS\ADMINISTRATOR\MY DOCUMENTS\VISUAL STUDIO 2010\PROJECTS\SALWRAP\DEBUG\SALWRAP.ILK
C:\DOCUMENTS AND SETTINGS\ADMINISTRATOR\MY DOCUMENTS\VISUAL STUDIO 2010\PROJECTS\SALWRAP\DEBUG\SALWRAP.PDB
C:\Documents and Settings\Administrator\my documents\visual studio 2010\Projects\salwrap\salwrap\Debug\cl.command.1.tlog
C:\Documents and Settings\Administrator\my documents\visual studio 2010\Projects\salwrap\salwrap\Debug\CL.read.1.tlog
C:\Documents and Settings\Administrator\my documents\visual studio 2010\Projects\salwrap\salwrap\Debug\CL.write.1.tlog
C:\Documents and Settings\Administrator\my documents\visual studio 2010\Projects\salwrap\salwrap\Debug\link.2272.read.1.tlog
C:\Documents and Settings\Administrator\my documents\visual studio 2010\Projects\salwrap\salwrap\Debug\link.2272.write.1.tlog
C:\Documents and Settings\Administrator\my documents\visual studio 2010\Projects\salwrap\salwrap\Debug\link.2272-cvtres.read.1.tlog
C:\Documents and Settings\Administrator\my documents\visual studio 2010\Projects\salwrap\salwrap\Debug\link.2272-cvtres.write.1.tlog
C:\Documents and Settings\Administrator\my documents\visual studio 2010\Projects\salwrap\salwrap\Debug\link.3620.read.1.tlog
C:\Documents and Settings\Administrator\my documents\visual studio 2010\Projects\salwrap\salwrap\Debug\link.3620.write.1.tlog
C:\Documents and Settings\Administrator\my documents\visual studio 2010\Projects\salwrap\salwrap\Debug\link.3620-cvtres.read.1.tlog
C:\Documents and Settings\Administrator\my documents\visual studio 2010\Projects\salwrap\salwrap\Debug\link.3620-cvtres.write.1.tlog
C:\Documents and Settings\Administrator\my documents\visual studio 2010\Projects\salwrap\salwrap\Debug\link.3936.read.1.tlog
C:\Documents and Settings\Administrator\my documents\visual studio 2010\Projects\salwrap\salwrap\Debug\link.3936.write.1.tlog
C:\Documents and Settings\Administrator\my documents\visual studio 2010\Projects\salwrap\salwrap\Debug\link.3936-cvtres.read.1.tlog
C:\Documents and Settings\Administrator\my documents\visual studio 2010\Projects\salwrap\salwrap\Debug\link.3936-cvtres.write.1.tlog
C:\Documents and Settings\Administrator\my documents\visual studio 2010\Projects\salwrap\salwrap\Debug\link.command.1.tlog
C:\Documents and Settings\Administrator\my documents\visual studio 2010\Projects\salwrap\salwrap\Debug\link.read.1.tlog
C:\Documents and Settings\Administrator\my documents\visual studio 2010\Projects\salwrap\salwrap\Debug\link.write.1.tlog
C:\Documents and Settings\Administrator\my documents\visual studio 2010\Projects\salwrap\salwrap\Debug\link-cvtres.read.1.tlog
C:\Documents and Settings\Administrator\my documents\visual studio 2010\Projects\salwrap\salwrap\Debug\link-cvtres.write.1.tlog
C:\Documents and Settings\Administrator\my documents\visual studio 2010\Projects\salwrap\salwrap\Debug\mt.command.1.tlog
C:\Documents and Settings\Administrator\my documents\visual studio 2010\Projects\salwrap\salwrap\Debug\mt.read.1.tlog
C:\Documents and Settings\Administrator\my documents\visual studio 2010\Projects\salwrap\salwrap\Debug\mt.write.1.tlog
C:\Documents and Settings\Administrator\my documents\visual studio 2010\Projects\salwrap\salwrap\Debug\rc.command.1.tlog
C:\Documents and Settings\Administrator\my documents\visual studio 2010\Projects\salwrap\salwrap\Debug\rc.read.1.tlog
C:\Documents and Settings\Administrator\my documents\visual studio 2010\Projects\salwrap\salwrap\Debug\rc.write.1.tlog
C:\DOCUMENTS AND SETTINGS\ADMINISTRATOR\MY DOCUMENTS\VISUAL STUDIO 2010\PROJECTS\SALWRAP\SALWRAP\DEBUG\SALWRAP.EXE.EMBED.MANIFEST
C:\DOCUMENTS AND SETTINGS\ADMINISTRATOR\MY DOCUMENTS\VISUAL STUDIO 2010\PROJECTS\SALWRAP\SALWRAP\DEBUG\SALWRAP.EXE.EMBED.MANIFEST.RES
C:\DOCUMENTS AND SETTINGS\ADMINISTRATOR\MY DOCUMENTS\VISUAL STUDIO 2010\PROJECTS\SALWRAP\SALWRAP\DEBUG\SALWRAP.EXE.INTERMEDIATE.MANIFEST
C:\DOCUMENTS AND SETTINGS\ADMINISTRATOR\MY DOCUMENTS\VISUAL STUDIO 2010\PROJECTS\SALWRAP\SALWRAP\DEBUG\SALWRAP.OBJ
C:\DOCUMENTS AND SETTINGS\ADMINISTRATOR\MY DOCUMENTS\VISUAL STUDIO 2010\PROJECTS\SALWRAP\SALWRAP\DEBUG\SALWRAP.PCH
C:\Documents and Settings\Administrator\my documents\visual studio 2010\Projects\salwrap\salwrap\Debug\salwrap_manifest.rc
C:\DOCUMENTS AND SETTINGS\ADMINISTRATOR\MY DOCUMENTS\VISUAL STUDIO 2010\PROJECTS\SALWRAP\SALWRAP\DEBUG\STDAFX.OBJ
C:\DOCUMENTS AND SETTINGS\ADMINISTRATOR\MY DOCUMENTS\VISUAL STUDIO 2010\PROJECTS\SALWRAP\SALWRAP\DEBUG\TRAMPOLINE.OBJ
C:\Documents and Settings\Administrator\my documents\visual studio 2010\Projects\salwrap\salwrap\Debug\vc100.idb
C:\DOCUMENTS AND SETTINGS\ADMINISTRATOR\MY DOCUMENTS\VISUAL STUDIO 2010\PROJECTS\SALWRAP\SALWRAP\DEBUG\VC100.PDB
