C:\DOCUMENTS AND SETTINGS\ADMINISTRATOR\MY DOCUMENTS\VISUAL STUDIO 2010\PROJECTS\SALWRAP\RELEASE\SALWRAP.EXE
C:\DOCUMENTS AND SETTINGS\ADMINISTRATOR\MY DOCUMENTS\VISUAL STUDIO 2010\PROJECTS\SALWRAP\RELEASE\SALWRAP.PDB
C:\Documents and Settings\Administrator\My Documents\Visual Studio 2010\Projects\salwrap\salwrap\Release\cl.command.1.tlog
C:\Documents and Settings\Administrator\My Documents\Visual Studio 2010\Projects\salwrap\salwrap\Release\CL.read.1.tlog
C:\Documents and Settings\Administrator\My Documents\Visual Studio 2010\Projects\salwrap\salwrap\Release\CL.write.1.tlog
C:\DOCUMENTS AND SETTINGS\ADMINISTRATOR\MY DOCUMENTS\VISUAL STUDIO 2010\PROJECTS\SALWRAP\SALWRAP\RELEASE\EXCEPTION_HANDLERS.OBJ
C:\DOCUMENTS AND SETTINGS\ADMINISTRATOR\MY DOCUMENTS\VISUAL STUDIO 2010\PROJECTS\SALWRAP\SALWRAP\RELEASE\FUNCTIONS.OBJ
C:\DOCUMENTS AND SETTINGS\ADMINISTRATOR\MY DOCUMENTS\VISUAL STUDIO 2010\PROJECTS\SALWRAP\SALWRAP\RELEASE\GLOBALS.OBJ
C:\Documents and Settings\Administrator\My Documents\Visual Studio 2010\Projects\salwrap\salwrap\Release\link.command.1.tlog
C:\Documents and Settings\Administrator\My Documents\Visual Studio 2010\Projects\salwrap\salwrap\Release\link.read.1.tlog
C:\Documents and Settings\Administrator\My Documents\Visual Studio 2010\Projects\salwrap\salwrap\Release\link.write.1.tlog
C:\Documents and Settings\Administrator\My Documents\Visual Studio 2010\Projects\salwrap\salwrap\Release\mt.command.1.tlog
C:\Documents and Settings\Administrator\My Documents\Visual Studio 2010\Projects\salwrap\salwrap\Release\mt.read.1.tlog
C:\Documents and Settings\Administrator\My Documents\Visual Studio 2010\Projects\salwrap\salwrap\Release\mt.write.1.tlog
C:\DOCUMENTS AND SETTINGS\ADMINISTRATOR\MY DOCUMENTS\VISUAL STUDIO 2010\PROJECTS\SALWRAP\SALWRAP\RELEASE\RDTSC.OBJ
C:\DOCUMENTS AND SETTINGS\ADMINISTRATOR\MY DOCUMENTS\VISUAL STUDIO 2010\PROJECTS\SALWRAP\SALWRAP\RELEASE\SALWRAP.EXE.INTERMEDIATE.MANIFEST
C:\DOCUMENTS AND SETTINGS\ADMINISTRATOR\MY DOCUMENTS\VISUAL STUDIO 2010\PROJECTS\SALWRAP\SALWRAP\RELEASE\SALWRAP.OBJ
C:\DOCUMENTS AND SETTINGS\ADMINISTRATOR\MY DOCUMENTS\VISUAL STUDIO 2010\PROJECTS\SALWRAP\SALWRAP\RELEASE\SALWRAP.PCH
C:\DOCUMENTS AND SETTINGS\ADMINISTRATOR\MY DOCUMENTS\VISUAL STUDIO 2010\PROJECTS\SALWRAP\SALWRAP\RELEASE\SETUP.OBJ
C:\DOCUMENTS AND SETTINGS\ADMINISTRATOR\MY DOCUMENTS\VISUAL STUDIO 2010\PROJECTS\SALWRAP\SALWRAP\RELEASE\STDAFX.OBJ
C:\DOCUMENTS AND SETTINGS\ADMINISTRATOR\MY DOCUMENTS\VISUAL STUDIO 2010\PROJECTS\SALWRAP\SALWRAP\RELEASE\TRAMPOLINE.OBJ
C:\DOCUMENTS AND SETTINGS\ADMINISTRATOR\MY DOCUMENTS\VISUAL STUDIO 2010\PROJECTS\SALWRAP\SALWRAP\RELEASE\UTILS.OBJ
C:\DOCUMENTS AND SETTINGS\ADMINISTRATOR\MY DOCUMENTS\VISUAL STUDIO 2010\PROJECTS\SALWRAP\SALWRAP\RELEASE\VC100.PDB
